

Microchip Technology PIC Macro Assembler V1.45 build -152302408 
                                                                                                           Tue Jul 12 08:47:26 2022


     1                           
     2                           	; Microchip MPLAB XC8 C Compiler V1.45
     3                           	; Copyright (C) 1984-2017 HI-TECH Software
     4                           
     5                           	; Auto-generated runtime startup code for final link stage.
     6                           
     7                           	;
     8                           	; Compiler options:
     9                           	;
    10                           	; -ostepper_motor.cof -mstepper_motor.map --summary=default \
    11                           	; --output=default stepper.p1 main.p1 --chip=16F887 -P \
    12                           	; --runtime=default --opt=default -N-1 -g --asmlist \
    13                           	; --errformat=Error   [%n] %f; %l.%c %s --msgformat=Advisory[%n] %s \
    14                           	; --warnformat=Warning [%n] %f; %l.%c %s
    15                           	;
    16                           
    17                           
    18                           	processor	16F887
    19                           
    20                           	global	_main,start,reset_vec
    21                           	fnroot	_main
    22                           	psect	config,class=CONFIG,delta=2,noexec
    23                           	psect	idloc,class=IDLOC,delta=2,noexec
    24                           	psect	code,class=CODE,delta=2
    25                           	psect	powerup,class=CODE,delta=2
    26                           	psect	reset_vec,class=CODE,delta=2
    27                           	psect	maintext,class=CODE,delta=2
    28  0000                     	Z	set	2
    29  0002                     	PCL	set	2
    30  0002                     	INDF	set	0
    31  0000                     
    32                           	STATUS	equ	3
    33  0003                     	PCLATH	equ	0Ah
    34  000A                     
    35                           	psect	eeprom_data,class=EEDATA,delta=2,space=3,noexec
    36                           	psect	intentry,class=CODE,delta=2
    37                           	psect	functab,class=ENTRY,delta=2
    38                           	global	intlevel0,intlevel1,intlevel2, intlevel3, intlevel4, intlevel5
    39                           intlevel0:
    40  0000                     intlevel1:
    41  0000                     intlevel2:
    42  0000                     intlevel3:
    43  0000                     intlevel4:
    44  0000                     intlevel5:
    45  0000                     	psect	init,class=CODE,delta=2
    46                           	psect	cinit,class=CODE,delta=2
    47                           	psect	text,class=CODE,delta=2
    48                           	psect	end_init,class=CODE,delta=2
    49                           	psect	clrtext,class=CODE,delta=2
    50                           	FSR	set	4
    51  0004                     	psect	strings,class=CODE,delta=2,reloc=256
    52                           
    53                           	global stacklo, stackhi
    54                           	stacklo	equ	0
    55  0000                     	stackhi	equ	0
    56  0000                     
    57                           
    58                           	psect	stack,class=STACK,space=2,noexec
    59                           	global ___sp,___int_sp
    60                           	___sp:
    61  0000                     	___int_sp:
    62  0000                     	psect	reset_vec
    63                           reset_vec:
    64  0000                     	; No powerup routine
    65                           	global start
    66                           
    67                           ; jump to start
    68                           	goto	start & 0x7FF | (reset_vec & not 0x7FF)
    69  0000  120A  118A  2812   
    70                           
    71                           
    72                           	psect	init
    73                           start
    74  0012                     	psect	end_init
    75                           	global start_initialization
    76                           	ljmp start_initialization	;jump to C runtime clear & initialization
    77  0012  120A  118A  2815   
    78                           ; Config register CONFIG1 @ 0x2007
    79                           ;	Oscillator Selection bits
    80                           ;	FOSC = INTRC_NOCLKOUT, INTOSCIO oscillator: I/O function on RA6/OSC2/CLKOUT pin, I/O function on R
                                 A7/OSC1/CLKIN
    81                           ;	Watchdog Timer Enable bit
    82                           ;	WDTE = OFF, WDT disabled and can be enabled by SWDTEN bit of the WDTCON register
    83                           ;	Power-up Timer Enable bit
    84                           ;	PWRTE = OFF, PWRT disabled
    85                           ;	RE3/MCLR pin function select bit
    86                           ;	MCLRE = ON, RE3/MCLR pin function is MCLR
    87                           ;	Code Protection bit
    88                           ;	CP = OFF, Program memory code protection is disabled
    89                           ;	Data Code Protection bit
    90                           ;	CPD = OFF, Data memory code protection is disabled
    91                           ;	Brown Out Reset Selection bits
    92                           ;	BOREN = ON, BOR enabled
    93                           ;	Internal External Switchover bit
    94                           ;	IESO = ON, Internal/External Switchover mode is enabled
    95                           ;	Fail-Safe Clock Monitor Enabled bit
    96                           ;	FCMEN = ON, Fail-Safe Clock Monitor is enabled
    97                           ;	Low Voltage Programming Enable bit
    98                           ;	LVP = OFF, RB3 pin has digital I/O, HV on MCLR must be used for programming
    99                           ;	In-Circuit Debugger Mode bit
   100                           ;	DEBUG = OFF, In-Circuit Debugger disabled, RB6/ICSPCLK and RB7/ICSPDAT are general purpose I/O pin
                                 s
   101                           
   102                           	psect	config
   103                           		org 0x0
   104  2007                     		dw 0xEFF4
   105  2007  EFF4               
   106                           ; Config register CONFIG2 @ 0x2008
   107                           ;	Brown-out Reset Selection bit
   108                           ;	BOR4V = BOR40V, Brown-out Reset set to 4.0V
   109                           ;	Flash Program Memory Self Write Enable bits
   110                           ;	WRT = OFF, Write protection off
   111                           
   112                           	psect	config
   113                           		org 0x1
   114  2008                     		dw 0xFFFF
   115  2008  FFFF               


Microchip Technology PIC Macro Assembler V1.45 build -152302408 
Symbol Table                                                                                               Tue Jul 12 08:47:26 2022

               ___sp 0000                 _main 0380                 start 0012               stackhi 0000  
             stacklo 0000  start_initialization 0015             ___int_sp 0000             intlevel0 0000  
           intlevel1 0000             intlevel2 0000             intlevel3 0000             intlevel4 0000  
           intlevel5 0000             reset_vec 0000  
